         0 CLI            - Rd ping
         0 CLI            - Wr 200 19 PONG 1458404475 1.0
         0 CLI            - Rd ping
         0 CLI            - Wr 200 19 PONG 1458404478 1.0
         0 CLI            - Rd ping
         0 CLI            - Wr 200 19 PONG 1458404481 1.0
         1 Begin          c sess 0 HTTP/1
         1 SessOpen       c 192.168.1.41 64392 :6081 192.168.1.34 6081 1458404481.818494 13
         1 Link           c req 2 rxreq
         3 Begin          b bereq 2 pass
         3 Timestamp      b Start: 1458404481.870574 0.000000 0.000000
         3 BereqMethod    b GET
         3 BereqURL       b /
         3 BereqProtocol  b HTTP/1.1
         3 BereqHeader    b Host: 192.168.1.34:6081
         3 BereqHeader    b Accept: text/html,application/xhtml+xml,application/xml;q=0.9,image/webp,*/*;q=0.8
         3 BereqHeader    b Upgrade-Insecure-Requests: 1
         3 BereqHeader    b User-Agent: Mozilla/5.0 (Windows NT 10.0; WOW64) AppleWebKit/537.36 (KHTML, like Gecko) Chrome/49.0.2623.87 Safari/537.36
         3 BereqHeader    b Accept-Encoding: gzip, deflate, sdch
         3 BereqHeader    b Accept-Language: ja,en-US;q=0.8,en;q=0.6
         3 BereqHeader    b X-Forwarded-For: 192.168.1.41
         3 BereqHeader    b X-Varnish: 3
         3 VCL_call       b BACKEND_FETCH
         3 VCL_return     b fetch
         3 BackendOpen    b 18 default(127.0.0.1,,88) 127.0.0.1 44520 
         3 Backend        b 18 default default(127.0.0.1,,88)
         3 Timestamp      b Bereq: 1458404481.870730 0.000156 0.000156
         3 Timestamp      b Beresp: 1458404481.872942 0.002369 0.002213
         3 BerespProtocol b HTTP/1.1
         3 BerespStatus   b 200
         3 BerespReason   b OK
         3 BerespHeader   b Date: Sat, 19 Mar 2016 16:21:21 GMT
         3 BerespHeader   b Server: Apache/2.2.22 (Ubuntu)
         3 BerespHeader   b X-Powered-By: PHP/5.3.10-1ubuntu3.13
         3 BerespHeader   b Vary: Accept-Encoding
         3 BerespHeader   b Content-Encoding: gzip
         3 BerespHeader   b Content-Length: 149
         3 BerespHeader   b Content-Type: text/html
         3 TTL            b RFC 120 -1 -1 1458404482 1458404482 1458404481 0 0
         3 VCL_call       b BACKEND_RESPONSE
         3 TTL            b VCL 120 10 0 1458404482
         3 VCL_return     b deliver
         3 Storage        b malloc Transient
         3 ObjProtocol    b HTTP/1.1
         3 ObjStatus      b 200
         3 ObjReason      b OK
         3 ObjHeader      b Date: Sat, 19 Mar 2016 16:21:21 GMT
         3 ObjHeader      b Server: Apache/2.2.22 (Ubuntu)
         3 ObjHeader      b X-Powered-By: PHP/5.3.10-1ubuntu3.13
         3 ObjHeader      b Vary: Accept-Encoding
         3 ObjHeader      b Content-Encoding: gzip
         3 ObjHeader      b Content-Length: 149
         3 ObjHeader      b Content-Type: text/html
         3 Fetch_Body     b 3 length stream
         3 Gzip           b u F - 149 181 80 80 1126
         3 BackendReuse   b 18 default(127.0.0.1,,88)
         3 Timestamp      b BerespBody: 1458404481.873256 0.002682 0.000314
         3 Length         b 149
         3 BereqAcct      b 405 0 405 219 149 368
         3 End            b 
         2 Begin          c req 1 rxreq
         2 Timestamp      c Start: 1458404481.870394 0.000000 0.000000
         2 Timestamp      c Req: 1458404481.870394 0.000000 0.000000
         2 ReqStart       c 192.168.1.41 64392
         2 ReqMethod      c GET
         2 ReqURL         c /
         2 ReqProtocol    c HTTP/1.1
         2 ReqHeader      c Host: 192.168.1.34:6081
         2 ReqHeader      c Connection: keep-alive
         2 ReqHeader      c Accept: text/html,application/xhtml+xml,application/xml;q=0.9,image/webp,*/*;q=0.8
         2 ReqHeader      c Upgrade-Insecure-Requests: 1
         2 ReqHeader      c User-Agent: Mozilla/5.0 (Windows NT 10.0; WOW64) AppleWebKit/537.36 (KHTML, like Gecko) Chrome/49.0.2623.87 Safari/537.36
         2 ReqHeader      c Accept-Encoding: gzip, deflate, sdch
         2 ReqHeader      c Accept-Language: ja,en-US;q=0.8,en;q=0.6
         2 ReqHeader      c X-Forwarded-For: 192.168.1.41
         2 VCL_call       c RECV
         2 VCL_return     c pass
         2 VCL_call       c HASH
         2 VCL_return     c lookup
         2 VCL_call       c PASS
         2 VCL_return     c fetch
         2 Link           c bereq 3 pass
         2 Timestamp      c Fetch: 1458404481.873131 0.002738 0.002738
         2 RespProtocol   c HTTP/1.1
         2 RespStatus     c 200
         2 RespReason     c OK
         2 RespHeader     c Date: Sat, 19 Mar 2016 16:21:21 GMT
         2 RespHeader     c Server: Apache/2.2.22 (Ubuntu)
         2 RespHeader     c X-Powered-By: PHP/5.3.10-1ubuntu3.13
         2 RespHeader     c Vary: Accept-Encoding
         2 RespHeader     c Content-Encoding: gzip
         2 RespHeader     c Content-Length: 149
         2 RespHeader     c Content-Type: text/html
         2 RespHeader     c X-Varnish: 2
         2 RespHeader     c Age: 0
         2 RespHeader     c Via: 1.1 varnish-v4
         2 VCL_call       c DELIVER
         2 VCL_return     c deliver
         2 Timestamp      c Process: 1458404481.873154 0.002760 0.000022
         2 Debug          c "RES_MODE 2"
         2 RespHeader     c Connection: keep-alive
         2 RespHeader     c Accept-Ranges: bytes
         2 Timestamp      c Resp: 1458404481.873361 0.002967 0.000207
         2 Debug          c "XXX REF 1"
         2 ReqAcct        c 384 0 384 308 149 457
         2 End            c 
         1 Link           c req 4 rxreq
         5 Begin          b bereq 4 pass
         5 Timestamp      b Start: 1458404481.954536 0.000000 0.000000
         5 BereqMethod    b GET
         5 BereqURL       b /favicon.ico
         5 BereqProtocol  b HTTP/1.1
         5 BereqHeader    b Host: 192.168.1.34:6081
         5 BereqHeader    b User-Agent: Mozilla/5.0 (Windows NT 10.0; WOW64) AppleWebKit/537.36 (KHTML, like Gecko) Chrome/49.0.2623.87 Safari/537.36
         5 BereqHeader    b Accept: */*
         5 BereqHeader    b Referer: http://192.168.1.34:6081/
         5 BereqHeader    b Accept-Encoding: gzip, deflate, sdch
         5 BereqHeader    b Accept-Language: ja,en-US;q=0.8,en;q=0.6
         5 BereqHeader    b X-Forwarded-For: 192.168.1.41
         5 BereqHeader    b X-Varnish: 5
         5 VCL_call       b BACKEND_FETCH
         5 VCL_return     b fetch
         5 Backend        b 18 default default(127.0.0.1,,88)
         5 Timestamp      b Bereq: 1458404481.954592 0.000056 0.000056
         5 Timestamp      b Beresp: 1458404481.954971 0.000435 0.000379
         5 BerespProtocol b HTTP/1.1
         5 BerespStatus   b 404
         5 BerespReason   b Not Found
         5 BerespHeader   b Date: Sat, 19 Mar 2016 16:21:21 GMT
         5 BerespHeader   b Server: Apache/2.2.22 (Ubuntu)
         5 BerespHeader   b Vary: Accept-Encoding
         5 BerespHeader   b Content-Encoding: gzip
         5 BerespHeader   b Content-Length: 240
         5 BerespHeader   b Content-Type: text/html; charset=iso-8859-1
         5 TTL            b RFC 120 -1 -1 1458404482 1458404482 1458404481 0 0
         5 VCL_call       b BACKEND_RESPONSE
         5 TTL            b VCL 120 10 0 1458404482
         5 VCL_return     b deliver
         5 Storage        b malloc Transient
         5 ObjProtocol    b HTTP/1.1
         5 ObjStatus      b 404
         5 ObjReason      b Not Found
         5 ObjHeader      b Date: Sat, 19 Mar 2016 16:21:21 GMT
         5 ObjHeader      b Server: Apache/2.2.22 (Ubuntu)
         5 ObjHeader      b Vary: Accept-Encoding
         5 ObjHeader      b Content-Encoding: gzip
         5 ObjHeader      b Content-Length: 240
         5 ObjHeader      b Content-Type: text/html; charset=iso-8859-1
         5 Fetch_Body     b 3 length stream
         5 Gzip           b u F - 240 289 80 80 1856
         5 BackendReuse   b 18 default(127.0.0.1,,88)
         5 Timestamp      b BerespBody: 1458404481.955089 0.000552 0.000118
         5 Length         b 240
         5 BereqAcct      b 351 0 351 208 240 448
         5 End            b 
         4 Begin          c req 1 rxreq
         4 Timestamp      c Start: 1458404481.954444 0.000000 0.000000
         4 Timestamp      c Req: 1458404481.954444 0.000000 0.000000
         4 ReqStart       c 192.168.1.41 64392
         4 ReqMethod      c GET
         4 ReqURL         c /favicon.ico
         4 ReqProtocol    c HTTP/1.1
         4 ReqHeader      c Host: 192.168.1.34:6081
         4 ReqHeader      c Connection: keep-alive
         4 ReqHeader      c User-Agent: Mozilla/5.0 (Windows NT 10.0; WOW64) AppleWebKit/537.36 (KHTML, like Gecko) Chrome/49.0.2623.87 Safari/537.36
         4 ReqHeader      c Accept: */*
         4 ReqHeader      c Referer: http://192.168.1.34:6081/
         4 ReqHeader      c Accept-Encoding: gzip, deflate, sdch
         4 ReqHeader      c Accept-Language: ja,en-US;q=0.8,en;q=0.6
         4 ReqHeader      c X-Forwarded-For: 192.168.1.41
         4 VCL_call       c RECV
         4 VCL_return     c pass
         4 VCL_call       c HASH
         4 VCL_return     c lookup
         4 VCL_call       c PASS
         4 VCL_return     c fetch
         4 Link           c bereq 5 pass
         4 Timestamp      c Fetch: 1458404481.955056 0.000613 0.000613
         4 RespProtocol   c HTTP/1.1
         4 RespStatus     c 404
         4 RespReason     c Not Found
         4 RespHeader     c Date: Sat, 19 Mar 2016 16:21:21 GMT
         4 RespHeader     c Server: Apache/2.2.22 (Ubuntu)
         4 RespHeader     c Vary: Accept-Encoding
         4 RespHeader     c Content-Encoding: gzip
         4 RespHeader     c Content-Length: 240
         4 RespHeader     c Content-Type: text/html; charset=iso-8859-1
         4 RespHeader     c X-Varnish: 4
         4 RespHeader     c Age: 0
         4 RespHeader     c Via: 1.1 varnish-v4
         4 VCL_call       c DELIVER
         4 VCL_return     c deliver
         4 Timestamp      c Process: 1458404481.955071 0.000627 0.000015
         4 Debug          c "RES_MODE 2"
         4 RespHeader     c Connection: keep-alive
         4 Timestamp      c Resp: 1458404481.955147 0.000704 0.000076
         4 Debug          c "XXX REF 1"
         4 ReqAcct        c 330 0 330 275 240 515
         4 End            c 
         0 CLI            - Rd ping
         0 CLI            - Wr 200 19 PONG 1458404484 1.0
         1 SessClose      c RX_TIMEOUT 5.185
         1 End            c 
         0 CLI            - Rd ping
         0 CLI            - Wr 200 19 PONG 1458404487 1.0
         0 CLI            - Rd ping
         0 CLI            - Wr 200 19 PONG 1458404490 1.0
         0 CLI            - Rd ping
         0 CLI            - Wr 200 19 PONG 1458404493 1.0
